<?xml version="1.0" encoding="UTF-8"?>
<!-- Generated by org.testng.reporters.JUnitReportReporter -->
<testsuite hostname="LAPTOP-5AP2L8LH" failures="0" tests="2" name="Test.day2" time="0.005" errors="0" timestamp="2021-10-02T21:45:16 EDT" skipped="0">
  <testcase classname="Test.day2" name="ploan" time="0.001"/>
  <system-out/>
  <testcase classname="Test.day2" name="parameter" time="0.004"/>
  <system-out/>
</testsuite> <!-- Test.day2 -->
