<?xml version="1.0" encoding="UTF-8"?>
<!-- Generated by org.testng.reporters.JUnitReportReporter -->
<testsuite hostname="LAPTOP-5AP2L8LH" failures="0" tests="7" name="Test.day3" time="0.016" errors="0" timestamp="2021-10-02T21:45:16 EDT" skipped="1">
  <testcase classname="Test.day3" name="Mobiledancecar" time="0.002"/>
  <system-out/>
  <testcase classname="Test.day3" name="Mobilesetcar" time="0.001"/>
  <system-out/>
  <testcase classname="Test.day3" name="Mobiledancecar" time="0.002"/>
  <system-out/>
  <testcase classname="Test.day3" name="Mobilecar" time="0.003"/>
  <system-out/>
  <testcase classname="Test.day3" name="Mobiledancecar" time="0.004"/>
  <system-out/>
  <testcase classname="Test.day3" name="MobileLogincar" time="0.004"/>
  <system-out/>
  <testcase classname="Test.day3" name="WebLoginCar">
    <skipped/>
  </testcase> <!-- WebLoginCar -->
  <system-out/>
</testsuite> <!-- Test.day3 -->
