<?xml version="1.0" encoding="UTF-8"?>
<!-- Generated by org.testng.reporters.JUnitReportReporter -->
<testsuite hostname="LAPTOP-5AP2L8LH" failures="0" tests="1" name="basics.morelessons$streamseg" time="0.012" errors="0" timestamp="2021-09-28T11:08:00 EDT" skipped="0">
  <testcase classname="basics.morelessons$streamseg" name="regular" time="0.012"/>
  <system-out/>
</testsuite> <!-- basics.morelessons$streamseg -->
