<?xml version="1.0" encoding="UTF-8"?>
<!-- Generated by org.testng.reporters.JUnitReportReporter -->
<testsuite hostname="LAPTOP-5AP2L8LH" failures="0" tests="1" name="basics.morelessons" time="0.011" errors="0" timestamp="2021-09-28T14:41:48 EDT" skipped="0">
  <testcase classname="basics.morelessons" name="solution" time="0.011"/>
  <system-out/>
</testsuite> <!-- basics.morelessons -->
