<?xml version="1.0" encoding="UTF-8"?>
<!-- Generated by org.testng.reporters.JUnitReportReporter -->
<testsuite hostname="LAPTOP-5AP2L8LH" failures="0" tests="3" name="Test.day4" time="0.005" errors="0" timestamp="2021-10-02T21:45:16 EDT" skipped="0">
  <testcase classname="Test.day4" name="WebLoginhome" time="0.003"/>
  <system-out/>
  <testcase classname="Test.day4" name="MobileLoginhome" time="0.001"/>
  <system-out/>
  <testcase classname="Test.day4" name="LoginAPIcarloanhome" time="0.001"/>
  <system-out/>
</testsuite> <!-- Test.day4 -->
